<?xml version="1.0" encoding="UTF-8"?>
<testng-results skipped="0" failed="1" ignored="1" total="2" passed="0">
  <reporter-output>
  </reporter-output>
  <suite name="Default suite" duration-ms="9123" started-at="2018-10-02T03:48:24Z" finished-at="2018-10-02T03:48:33Z">
    <groups>
    </groups>
    <test name="Default test" duration-ms="9123" started-at="2018-10-02T03:48:24Z" finished-at="2018-10-02T03:48:33Z">
      <class name="Cars2">
        <test-method status="PASS" signature="StartClass()[pri:0, instance:Cars2@646d64ab]" name="StartClass" is-config="true" duration-ms="14" started-at="2018-10-02T03:48:24Z" finished-at="2018-10-02T03:48:24Z">
          <reporter-output>
          </reporter-output>
        </test-method> <!-- StartClass -->
        <test-method status="PASS" signature="setup()[pri:0, instance:Cars2@646d64ab]" name="setup" is-config="true" duration-ms="8278" started-at="2018-10-02T03:48:24Z" finished-at="2018-10-02T03:48:32Z">
          <reporter-output>
          </reporter-output>
        </test-method> <!-- setup -->
        <test-method status="FAIL" signature="verfiyTitleOfCars()[pri:2, instance:Cars2@646d64ab]" name="verfiyTitleOfCars" duration-ms="67" started-at="2018-10-02T03:48:32Z" finished-at="2018-10-02T03:48:32Z">
          <exception class="java.lang.AssertionError">
            <message>
              <![CDATA[expected [true] but found [false]]]>
            </message>
            <full-stacktrace>
              <![CDATA[java.lang.AssertionError: expected [true] but found [false]
at org.testng.Assert.fail(Assert.java:96)
at org.testng.Assert.failNotEquals(Assert.java:776)
at org.testng.Assert.assertTrue(Assert.java:44)
at org.testng.Assert.assertTrue(Assert.java:54)
at Cars2.verfiyTitleOfCars(Cars2.java:37)
at sun.reflect.NativeMethodAccessorImpl.invoke0(Native Method)
at sun.reflect.NativeMethodAccessorImpl.invoke(Unknown Source)
at sun.reflect.DelegatingMethodAccessorImpl.invoke(Unknown Source)
at java.lang.reflect.Method.invoke(Unknown Source)
at org.testng.internal.MethodInvocationHelper.invokeMethod(MethodInvocationHelper.java:124)
at org.testng.internal.Invoker.invokeMethod(Invoker.java:580)
at org.testng.internal.Invoker.invokeTestMethod(Invoker.java:716)
at org.testng.internal.Invoker.invokeTestMethods(Invoker.java:988)
at org.testng.internal.TestMethodWorker.invokeTestMethods(TestMethodWorker.java:125)
at org.testng.internal.TestMethodWorker.run(TestMethodWorker.java:109)
at org.testng.TestRunner.privateRun(TestRunner.java:648)
at org.testng.TestRunner.run(TestRunner.java:505)
at org.testng.SuiteRunner.runTest(SuiteRunner.java:455)
at org.testng.SuiteRunner.runSequentially(SuiteRunner.java:450)
at org.testng.SuiteRunner.privateRun(SuiteRunner.java:415)
at org.testng.SuiteRunner.run(SuiteRunner.java:364)
at org.testng.SuiteRunnerWorker.runSuite(SuiteRunnerWorker.java:52)
at org.testng.SuiteRunnerWorker.run(SuiteRunnerWorker.java:84)
at org.testng.TestNG.runSuitesSequentially(TestNG.java:1208)
at org.testng.TestNG.runSuitesLocally(TestNG.java:1137)
at org.testng.TestNG.runSuites(TestNG.java:1049)
at org.testng.TestNG.run(TestNG.java:1017)
at org.testng.remote.AbstractRemoteTestNG.run(AbstractRemoteTestNG.java:114)
at org.testng.remote.RemoteTestNG.initAndRun(RemoteTestNG.java:251)
at org.testng.remote.RemoteTestNG.main(RemoteTestNG.java:77)
]]>
            </full-stacktrace>
          </exception> <!-- java.lang.AssertionError -->
          <reporter-output>
          </reporter-output>
        </test-method> <!-- verfiyTitleOfCars -->
        <test-method status="PASS" signature="tearDown()[pri:0, instance:Cars2@646d64ab]" name="tearDown" is-config="true" duration-ms="734" started-at="2018-10-02T03:48:32Z" finished-at="2018-10-02T03:48:33Z">
          <reporter-output>
          </reporter-output>
        </test-method> <!-- tearDown -->
        <test-method status="PASS" signature="EndingClass()[pri:0, instance:Cars2@646d64ab]" name="EndingClass" is-config="true" duration-ms="0" started-at="2018-10-02T03:48:33Z" finished-at="2018-10-02T03:48:33Z">
          <reporter-output>
          </reporter-output>
        </test-method> <!-- EndingClass -->
      </class> <!-- Cars2 -->
    </test> <!-- Default test -->
  </suite> <!-- Default suite -->
</testng-results>
